<?xml version="1.0" encoding="UTF-8"?>
<!-- Generated by org.testng.reporters.JUnitXMLReporter -->
<testsuite ignored="0" hostname="PC" failures="2" tests="12" name="Test" time="734.274" errors="0" timestamp="2021-05-30T18:10:22 IST">
  <testcase classname="pageTestCases.HomeTest" name="@BeforeMethod intialise" time="302.287">
    <failure type="org.openqa.selenium.TimeoutException" message="timeout: Timed out receiving message from renderer: 299.571
  (Session info: chrome=90.0.4430.212)
Build info: version: &amp;apos;3.141.59&amp;apos;, revision: &amp;apos;e82be7d358&amp;apos;, time: &amp;apos;2018-11-14T08:17:03&amp;apos;
System info: host: &amp;apos;PC&amp;apos;, ip: &amp;apos;172.20.10.5&amp;apos;, os.name: &amp;apos;Windows 7&amp;apos;, os.arch: &amp;apos;amd64&amp;apos;, os.version: &amp;apos;6.1&amp;apos;, java.version: &amp;apos;15.0.2&amp;apos;
Driver info: org.openqa.selenium.chrome.ChromeDriver
Capabilities {acceptInsecureCerts: false, browserName: chrome, browserVersion: 90.0.4430.212, chrome: {chromedriverVersion: 90.0.4430.24 (4c6d850f087da..., userDataDir: C:\Users\ricky\AppData\Loca...}, goog:chromeOptions: {debuggerAddress: localhost:13584}, javascriptEnabled: true, networkConnectionEnabled: false, pageLoadStrategy: normal, platform: WINDOWS, platformName: WINDOWS, proxy: Proxy(), setWindowRect: true, strictFileInteractability: false, timeouts: {implicit: 0, pageLoad: 300000, script: 30000}, unhandledPromptBehavior: dismiss and notify, webauthn:extension:largeBlob: true, webauthn:virtualAuthenticators: true}
Session ID: f82b5873a5f2a1180a4a676c509838fe">
      <![CDATA[org.openqa.selenium.TimeoutException: timeout: Timed out receiving message from renderer: 299.571
  (Session info: chrome=90.0.4430.212)
Build info: version: '3.141.59', revision: 'e82be7d358', time: '2018-11-14T08:17:03'
System info: host: 'PC', ip: '172.20.10.5', os.name: 'Windows 7', os.arch: 'amd64', os.version: '6.1', java.version: '15.0.2'
Driver info: org.openqa.selenium.chrome.ChromeDriver
Capabilities {acceptInsecureCerts: false, browserName: chrome, browserVersion: 90.0.4430.212, chrome: {chromedriverVersion: 90.0.4430.24 (4c6d850f087da..., userDataDir: C:\Users\ricky\AppData\Loca...}, goog:chromeOptions: {debuggerAddress: localhost:13584}, javascriptEnabled: true, networkConnectionEnabled: false, pageLoadStrategy: normal, platform: WINDOWS, platformName: WINDOWS, proxy: Proxy(), setWindowRect: true, strictFileInteractability: false, timeouts: {implicit: 0, pageLoad: 300000, script: 30000}, unhandledPromptBehavior: dismiss and notify, webauthn:extension:largeBlob: true, webauthn:virtualAuthenticators: true}
Session ID: f82b5873a5f2a1180a4a676c509838fe
at org.openqa.selenium.remote.http.W3CHttpResponseCodec.createException(W3CHttpResponseCodec.java:187)
at org.openqa.selenium.remote.http.W3CHttpResponseCodec.decode(W3CHttpResponseCodec.java:122)
at org.openqa.selenium.remote.http.W3CHttpResponseCodec.decode(W3CHttpResponseCodec.java:49)
at org.openqa.selenium.remote.HttpCommandExecutor.execute(HttpCommandExecutor.java:158)
at org.openqa.selenium.remote.service.DriverCommandExecutor.execute(DriverCommandExecutor.java:83)
at org.openqa.selenium.remote.RemoteWebDriver.execute(RemoteWebDriver.java:552)
at org.openqa.selenium.remote.RemoteWebDriver.get(RemoteWebDriver.java:277)
at pageTestCases.HomeTest.intialise(HomeTest.java:44)
at java.base/java.util.ArrayList.forEach(ArrayList.java:1511)
... Removed 36 stack frames]]>
    </failure>
  </testcase> <!-- @BeforeMethod intialise -->
  <testcase classname="pageTestCases.HomeTest" name="@AfterMethod tearDown" time="-1.622378107653E9">
    <skipped/>
  </testcase> <!-- @AfterMethod tearDown -->
  <testcase classname="pageTestCases.HomeTest" name="@BeforeMethod intialise" time="-1.622378107671E9">
    <skipped/>
  </testcase> <!-- @BeforeMethod intialise -->
  <testcase classname="pageTestCases.HomeTest" name="@AfterMethod tearDown" time="-1.62237810776E9">
    <skipped/>
  </testcase> <!-- @AfterMethod tearDown -->
  <testcase classname="pageTestCases.HomeTest" name="@BeforeMethod intialise" time="-1.622378107769E9">
    <skipped/>
  </testcase> <!-- @BeforeMethod intialise -->
  <testcase classname="pageTestCases.HomeTest" name="@AfterMethod tearDown" time="-1.622378107802E9">
    <skipped/>
  </testcase> <!-- @AfterMethod tearDown -->
  <testcase classname="pageTestCases.HomeTest" name="@BeforeMethod intialise" time="-1.622378107835E9">
    <skipped/>
  </testcase> <!-- @BeforeMethod intialise -->
  <testcase classname="pageTestCases.HomeTest" name="@AfterMethod tearDown" time="-1.622378107854E9">
    <skipped/>
  </testcase> <!-- @AfterMethod tearDown -->
  <testcase classname="pageTestCases.LoginTest" name="invalidSignIn" time="7.488">
    <failure type="java.lang.AssertionError" message="Try to login with invalid email/phonenumber expected [false] but found [true]">
      <![CDATA[java.lang.AssertionError: Try to login with invalid email/phonenumber expected [false] but found [true]
at pageTestCases.LoginTest.invalidSignIn(LoginTest.java:91)
at java.base/java.util.ArrayList.forEach(ArrayList.java:1511)
... Removed 30 stack frames]]>
    </failure>
  </testcase> <!-- invalidSignIn -->
  <testcase classname="pageTestCases.LoginTest" name="signIn" time="10.426"/>
  <testcase classname="pageTestCases.LoginTest" name="signOut" time="6.18"/>
  <testcase classname="pageTestCases.AddToCartTest" name="cartCountCapture" time="13.12"/>
  <testcase classname="pageTestCases.CartTest" name="checkboxCheckedVerification" time="24.808"/>
  <testcase classname="pageTestCases.FileUploadTest" name="getFooterLinks" time="11.188"/>
  <testcase classname="pageTestCases.FooterLinksTest" name="getFooterCountries" time="2.593"/>
  <testcase classname="pageTestCases.HomeTest" name="searchBoxSuggestedItemsDisplayed" time="0.0">
    <skipped/>
  </testcase> <!-- searchBoxSuggestedItemsDisplayed -->
  <testcase classname="pageTestCases.HomeTest" name="searchBoxVisibilty" time="0.0">
    <skipped/>
  </testcase> <!-- searchBoxVisibilty -->
  <testcase classname="pageTestCases.HomeTest" name="searchedItemsDisplayed" time="0.0">
    <skipped/>
  </testcase> <!-- searchedItemsDisplayed -->
  <testcase classname="pageTestCases.HomeTest" name="shopByDepartmentOption" time="0.0">
    <skipped/>
  </testcase> <!-- shopByDepartmentOption -->
  <testcase classname="pageTestCases.SocialMediaTest" name="chkSocialMediaLink" time="301.552">
    <failure type="org.openqa.selenium.TimeoutException" message="timeout: Timed out receiving message from renderer: 300.000
  (Session info: chrome=90.0.4430.212)
Build info: version: &amp;apos;3.141.59&amp;apos;, revision: &amp;apos;e82be7d358&amp;apos;, time: &amp;apos;2018-11-14T08:17:03&amp;apos;
System info: host: &amp;apos;PC&amp;apos;, ip: &amp;apos;172.20.10.5&amp;apos;, os.name: &amp;apos;Windows 7&amp;apos;, os.arch: &amp;apos;amd64&amp;apos;, os.version: &amp;apos;6.1&amp;apos;, java.version: &amp;apos;15.0.2&amp;apos;
Driver info: org.openqa.selenium.chrome.ChromeDriver
Capabilities {acceptInsecureCerts: false, browserName: chrome, browserVersion: 90.0.4430.212, chrome: {chromedriverVersion: 90.0.4430.24 (4c6d850f087da..., userDataDir: C:\Users\ricky\AppData\Loca...}, goog:chromeOptions: {debuggerAddress: localhost:13685}, javascriptEnabled: true, networkConnectionEnabled: false, pageLoadStrategy: normal, platform: WINDOWS, platformName: WINDOWS, proxy: Proxy(), setWindowRect: true, strictFileInteractability: false, timeouts: {implicit: 0, pageLoad: 300000, script: 30000}, unhandledPromptBehavior: dismiss and notify, webauthn:extension:largeBlob: true, webauthn:virtualAuthenticators: true}
Session ID: c98b5b8e8118ebdcd2f02af73a67893a">
      <![CDATA[org.openqa.selenium.TimeoutException: timeout: Timed out receiving message from renderer: 300.000
  (Session info: chrome=90.0.4430.212)
Build info: version: '3.141.59', revision: 'e82be7d358', time: '2018-11-14T08:17:03'
System info: host: 'PC', ip: '172.20.10.5', os.name: 'Windows 7', os.arch: 'amd64', os.version: '6.1', java.version: '15.0.2'
Driver info: org.openqa.selenium.chrome.ChromeDriver
Capabilities {acceptInsecureCerts: false, browserName: chrome, browserVersion: 90.0.4430.212, chrome: {chromedriverVersion: 90.0.4430.24 (4c6d850f087da..., userDataDir: C:\Users\ricky\AppData\Loca...}, goog:chromeOptions: {debuggerAddress: localhost:13685}, javascriptEnabled: true, networkConnectionEnabled: false, pageLoadStrategy: normal, platform: WINDOWS, platformName: WINDOWS, proxy: Proxy(), setWindowRect: true, strictFileInteractability: false, timeouts: {implicit: 0, pageLoad: 300000, script: 30000}, unhandledPromptBehavior: dismiss and notify, webauthn:extension:largeBlob: true, webauthn:virtualAuthenticators: true}
Session ID: c98b5b8e8118ebdcd2f02af73a67893a
at org.openqa.selenium.remote.http.W3CHttpResponseCodec.createException(W3CHttpResponseCodec.java:187)
at org.openqa.selenium.remote.http.W3CHttpResponseCodec.decode(W3CHttpResponseCodec.java:122)
at org.openqa.selenium.remote.http.W3CHttpResponseCodec.decode(W3CHttpResponseCodec.java:49)
at org.openqa.selenium.remote.HttpCommandExecutor.execute(HttpCommandExecutor.java:158)
at org.openqa.selenium.remote.service.DriverCommandExecutor.execute(DriverCommandExecutor.java:83)
at org.openqa.selenium.remote.RemoteWebDriver.execute(RemoteWebDriver.java:552)
at org.openqa.selenium.remote.RemoteWebElement.execute(RemoteWebElement.java:285)
at org.openqa.selenium.remote.RemoteWebElement.click(RemoteWebElement.java:84)
at org.openqa.selenium.support.pagefactory.internal.LocatingElementHandler.invoke(LocatingElementHandler.java:51)
at com.sun.proxy.$Proxy34.click(Unknown Source)
at pageTestCases.SocialMediaTest.chkSocialMediaLink(SocialMediaTest.java:58)
at java.base/java.util.ArrayList.forEach(ArrayList.java:1511)
... Removed 36 stack frames]]>
    </failure>
  </testcase> <!-- chkSocialMediaLink -->
</testsuite> <!-- Test -->
