{
  "uid" : "5cdef716dd7037d1",
  "name" : "To verify user not able to SignIn with invalid credentials",
  "fullName" : "pageTestCases.LoginTest.invalidSignIn",
  "historyId" : "af4eb947f79d6d11833e155ce3d35b98",
  "time" : {
    "start" : 1620712181730,
    "stop" : 1620712190849,
    "duration" : 9119
  },
  "description" : "Test Case Description:To verify user not able to SignIn with Invalid Credentials",
  "descriptionHtml" : "<p>Test Case Description:To verify user not able to SignIn with Invalid Credentials</p>\n",
  "status" : "broken",
  "statusMessage" : "Illegal char <\n> at index 90: C:\\Users\\ricky\\eclipse-workspace\\AmazonAutomation_KrishanMohan\\reports\\There was a problem\nWe cannot find an account with that email address.jpg",
  "statusTrace" : "java.nio.file.InvalidPathException: Illegal char <\n> at index 90: C:\\Users\\ricky\\eclipse-workspace\\AmazonAutomation_KrishanMohan\\reports\\There was a problem\nWe cannot find an account with that email address.jpg\r\n\tat java.base/sun.nio.fs.WindowsPathParser.normalize(WindowsPathParser.java:182)\r\n\tat java.base/sun.nio.fs.WindowsPathParser.parse(WindowsPathParser.java:153)\r\n\tat java.base/sun.nio.fs.WindowsPathParser.parse(WindowsPathParser.java:77)\r\n\tat java.base/sun.nio.fs.WindowsPath.parse(WindowsPath.java:92)\r\n\tat java.base/sun.nio.fs.WindowsFileSystem.getPath(WindowsFileSystem.java:229)\r\n\tat java.base/java.io.File.toPath(File.java:2310)\r\n\tat org.apache.commons.io.FileUtils.doCopyFile(FileUtils.java:1390)\r\n\tat org.apache.commons.io.FileUtils.copyFile(FileUtils.java:885)\r\n\tat org.apache.commons.io.FileUtils.copyFile(FileUtils.java:835)\r\n\tat org.apache.commons.io.FileUtils.copyFile(FileUtils.java:802)\r\n\tat resource.Utilities.getScreenshotPath(Utilities.java:32)\r\n\tat pageTestCases.LoginTest.invalidSignIn(LoginTest.java:92)\r\n\tat java.base/jdk.internal.reflect.NativeMethodAccessorImpl.invoke0(Native Method)\r\n\tat java.base/jdk.internal.reflect.NativeMethodAccessorImpl.invoke(NativeMethodAccessorImpl.java:64)\r\n\tat java.base/jdk.internal.reflect.DelegatingMethodAccessorImpl.invoke(DelegatingMethodAccessorImpl.java:43)\r\n\tat java.base/java.lang.reflect.Method.invoke(Method.java:564)\r\n\tat org.testng.internal.MethodInvocationHelper.invokeMethod(MethodInvocationHelper.java:132)\r\n\tat org.testng.internal.TestInvoker.invokeMethod(TestInvoker.java:599)\r\n\tat org.testng.internal.TestInvoker.invokeTestMethod(TestInvoker.java:174)\r\n\tat org.testng.internal.MethodRunner.runInSequence(MethodRunner.java:46)\r\n\tat org.testng.internal.TestInvoker$MethodInvocationAgent.invoke(TestInvoker.java:822)\r\n\tat org.testng.internal.TestInvoker.invokeTestMethods(TestInvoker.java:147)\r\n\tat org.testng.internal.TestMethodWorker.invokeTestMethods(TestMethodWorker.java:146)\r\n\tat org.testng.internal.TestMethodWorker.run(TestMethodWorker.java:128)\r\n\tat java.base/java.util.ArrayList.forEach(ArrayList.java:1511)\r\n\tat org.testng.TestRunner.privateRun(TestRunner.java:764)\r\n\tat org.testng.TestRunner.run(TestRunner.java:585)\r\n\tat org.testng.SuiteRunner.runTest(SuiteRunner.java:384)\r\n\tat org.testng.SuiteRunner.runSequentially(SuiteRunner.java:378)\r\n\tat org.testng.SuiteRunner.privateRun(SuiteRunner.java:337)\r\n\tat org.testng.SuiteRunner.run(SuiteRunner.java:286)\r\n\tat org.testng.SuiteRunnerWorker.runSuite(SuiteRunnerWorker.java:53)\r\n\tat org.testng.SuiteRunnerWorker.run(SuiteRunnerWorker.java:96)\r\n\tat org.testng.TestNG.runSuitesSequentially(TestNG.java:1218)\r\n\tat org.testng.TestNG.runSuitesLocally(TestNG.java:1140)\r\n\tat org.testng.TestNG.runSuites(TestNG.java:1069)\r\n\tat org.testng.TestNG.run(TestNG.java:1037)\r\n\tat org.testng.remote.AbstractRemoteTestNG.run(AbstractRemoteTestNG.java:115)\r\n\tat org.testng.remote.RemoteTestNG.initAndRun(RemoteTestNG.java:251)\r\n\tat org.testng.remote.RemoteTestNG.main(RemoteTestNG.java:77)\r\n",
  "flaky" : false,
  "newFailed" : false,
  "beforeStages" : [ {
    "name" : "setup",
    "time" : {
      "start" : 1620712176903,
      "stop" : 1620712181566,
      "duration" : 4663
    },
    "description" : "",
    "status" : "passed",
    "steps" : [ ],
    "attachments" : [ ],
    "parameters" : [ ],
    "stepsCount" : 0,
    "hasContent" : false,
    "attachmentsCount" : 0,
    "shouldDisplayMessage" : false
  } ],
  "testStage" : {
    "description" : "Test Case Description:To verify user not able to SignIn with Invalid Credentials",
    "status" : "broken",
    "statusMessage" : "Illegal char <\n> at index 90: C:\\Users\\ricky\\eclipse-workspace\\AmazonAutomation_KrishanMohan\\reports\\There was a problem\nWe cannot find an account with that email address.jpg",
    "statusTrace" : "java.nio.file.InvalidPathException: Illegal char <\n> at index 90: C:\\Users\\ricky\\eclipse-workspace\\AmazonAutomation_KrishanMohan\\reports\\There was a problem\nWe cannot find an account with that email address.jpg\r\n\tat java.base/sun.nio.fs.WindowsPathParser.normalize(WindowsPathParser.java:182)\r\n\tat java.base/sun.nio.fs.WindowsPathParser.parse(WindowsPathParser.java:153)\r\n\tat java.base/sun.nio.fs.WindowsPathParser.parse(WindowsPathParser.java:77)\r\n\tat java.base/sun.nio.fs.WindowsPath.parse(WindowsPath.java:92)\r\n\tat java.base/sun.nio.fs.WindowsFileSystem.getPath(WindowsFileSystem.java:229)\r\n\tat java.base/java.io.File.toPath(File.java:2310)\r\n\tat org.apache.commons.io.FileUtils.doCopyFile(FileUtils.java:1390)\r\n\tat org.apache.commons.io.FileUtils.copyFile(FileUtils.java:885)\r\n\tat org.apache.commons.io.FileUtils.copyFile(FileUtils.java:835)\r\n\tat org.apache.commons.io.FileUtils.copyFile(FileUtils.java:802)\r\n\tat resource.Utilities.getScreenshotPath(Utilities.java:32)\r\n\tat pageTestCases.LoginTest.invalidSignIn(LoginTest.java:92)\r\n\tat java.base/jdk.internal.reflect.NativeMethodAccessorImpl.invoke0(Native Method)\r\n\tat java.base/jdk.internal.reflect.NativeMethodAccessorImpl.invoke(NativeMethodAccessorImpl.java:64)\r\n\tat java.base/jdk.internal.reflect.DelegatingMethodAccessorImpl.invoke(DelegatingMethodAccessorImpl.java:43)\r\n\tat java.base/java.lang.reflect.Method.invoke(Method.java:564)\r\n\tat org.testng.internal.MethodInvocationHelper.invokeMethod(MethodInvocationHelper.java:132)\r\n\tat org.testng.internal.TestInvoker.invokeMethod(TestInvoker.java:599)\r\n\tat org.testng.internal.TestInvoker.invokeTestMethod(TestInvoker.java:174)\r\n\tat org.testng.internal.MethodRunner.runInSequence(MethodRunner.java:46)\r\n\tat org.testng.internal.TestInvoker$MethodInvocationAgent.invoke(TestInvoker.java:822)\r\n\tat org.testng.internal.TestInvoker.invokeTestMethods(TestInvoker.java:147)\r\n\tat org.testng.internal.TestMethodWorker.invokeTestMethods(TestMethodWorker.java:146)\r\n\tat org.testng.internal.TestMethodWorker.run(TestMethodWorker.java:128)\r\n\tat java.base/java.util.ArrayList.forEach(ArrayList.java:1511)\r\n\tat org.testng.TestRunner.privateRun(TestRunner.java:764)\r\n\tat org.testng.TestRunner.run(TestRunner.java:585)\r\n\tat org.testng.SuiteRunner.runTest(SuiteRunner.java:384)\r\n\tat org.testng.SuiteRunner.runSequentially(SuiteRunner.java:378)\r\n\tat org.testng.SuiteRunner.privateRun(SuiteRunner.java:337)\r\n\tat org.testng.SuiteRunner.run(SuiteRunner.java:286)\r\n\tat org.testng.SuiteRunnerWorker.runSuite(SuiteRunnerWorker.java:53)\r\n\tat org.testng.SuiteRunnerWorker.run(SuiteRunnerWorker.java:96)\r\n\tat org.testng.TestNG.runSuitesSequentially(TestNG.java:1218)\r\n\tat org.testng.TestNG.runSuitesLocally(TestNG.java:1140)\r\n\tat org.testng.TestNG.runSuites(TestNG.java:1069)\r\n\tat org.testng.TestNG.run(TestNG.java:1037)\r\n\tat org.testng.remote.AbstractRemoteTestNG.run(AbstractRemoteTestNG.java:115)\r\n\tat org.testng.remote.RemoteTestNG.initAndRun(RemoteTestNG.java:251)\r\n\tat org.testng.remote.RemoteTestNG.main(RemoteTestNG.java:77)\r\n",
    "steps" : [ {
      "name" : "Method to open Signin form",
      "time" : {
        "start" : 1620712186602,
        "stop" : 1620712186607,
        "duration" : 5
      },
      "status" : "passed",
      "steps" : [ ],
      "attachments" : [ ],
      "parameters" : [ ],
      "stepsCount" : 0,
      "hasContent" : false,
      "attachmentsCount" : 0,
      "shouldDisplayMessage" : false
    }, {
      "name" : "Method to enter email or mobile no",
      "time" : {
        "start" : 1620712189139,
        "stop" : 1620712189139,
        "duration" : 0
      },
      "status" : "passed",
      "steps" : [ ],
      "attachments" : [ ],
      "parameters" : [ ],
      "stepsCount" : 0,
      "hasContent" : false,
      "attachmentsCount" : 0,
      "shouldDisplayMessage" : false
    }, {
      "name" : "Method to click on Continue",
      "time" : {
        "start" : 1620712189241,
        "stop" : 1620712189241,
        "duration" : 0
      },
      "status" : "passed",
      "steps" : [ ],
      "attachments" : [ ],
      "parameters" : [ ],
      "stepsCount" : 0,
      "hasContent" : false,
      "attachmentsCount" : 0,
      "shouldDisplayMessage" : false
    } ],
    "attachments" : [ {
      "uid" : "9bb128460dd26073",
      "name" : "Page Screenshot",
      "source" : "9bb128460dd26073.png",
      "type" : "image/png",
      "size" : 40530
    }, {
      "uid" : "87324883708caed8",
      "name" : "invalidSignInFailed and screenshot Taken!",
      "source" : "87324883708caed8.txt",
      "type" : "text/plain",
      "size" : 41
    } ],
    "parameters" : [ ],
    "stepsCount" : 3,
    "hasContent" : true,
    "attachmentsCount" : 2,
    "shouldDisplayMessage" : true
  },
  "afterStages" : [ {
    "name" : "tearDown",
    "time" : {
      "start" : 1620712191037,
      "stop" : 1620712191038,
      "duration" : 1
    },
    "description" : "",
    "status" : "failed",
    "statusMessage" : "The following asserts failed:\n\texpected [false] but found [true]",
    "statusTrace" : "java.lang.AssertionError: The following asserts failed:\n\texpected [false] but found [true]\r\n\tat org.testng.asserts.SoftAssert.assertAll(SoftAssert.java:47)\r\n\tat org.testng.asserts.SoftAssert.assertAll(SoftAssert.java:31)\r\n\tat pageTestCases.LoginTest.tearDown(LoginTest.java:98)\r\n\tat java.base/jdk.internal.reflect.NativeMethodAccessorImpl.invoke0(Native Method)\r\n\tat java.base/jdk.internal.reflect.NativeMethodAccessorImpl.invoke(NativeMethodAccessorImpl.java:64)\r\n\tat java.base/jdk.internal.reflect.DelegatingMethodAccessorImpl.invoke(DelegatingMethodAccessorImpl.java:43)\r\n\tat java.base/java.lang.reflect.Method.invoke(Method.java:564)\r\n\tat org.testng.internal.MethodInvocationHelper.invokeMethod(MethodInvocationHelper.java:132)\r\n\tat org.testng.internal.MethodInvocationHelper.invokeMethodConsideringTimeout(MethodInvocationHelper.java:61)\r\n\tat org.testng.internal.ConfigInvoker.invokeConfigurationMethod(ConfigInvoker.java:366)\r\n\tat org.testng.internal.ConfigInvoker.invokeConfigurations(ConfigInvoker.java:320)\r\n\tat org.testng.TestRunner.invokeTestConfigurations(TestRunner.java:617)\r\n\tat org.testng.TestRunner.afterRun(TestRunner.java:847)\r\n\tat org.testng.TestRunner.run(TestRunner.java:588)\r\n\tat org.testng.SuiteRunner.runTest(SuiteRunner.java:384)\r\n\tat org.testng.SuiteRunner.runSequentially(SuiteRunner.java:378)\r\n\tat org.testng.SuiteRunner.privateRun(SuiteRunner.java:337)\r\n\tat org.testng.SuiteRunner.run(SuiteRunner.java:286)\r\n\tat org.testng.SuiteRunnerWorker.runSuite(SuiteRunnerWorker.java:53)\r\n\tat org.testng.SuiteRunnerWorker.run(SuiteRunnerWorker.java:96)\r\n\tat org.testng.TestNG.runSuitesSequentially(TestNG.java:1218)\r\n\tat org.testng.TestNG.runSuitesLocally(TestNG.java:1140)\r\n\tat org.testng.TestNG.runSuites(TestNG.java:1069)\r\n\tat org.testng.TestNG.run(TestNG.java:1037)\r\n\tat org.testng.remote.AbstractRemoteTestNG.run(AbstractRemoteTestNG.java:115)\r\n\tat org.testng.remote.RemoteTestNG.initAndRun(RemoteTestNG.java:251)\r\n\tat org.testng.remote.RemoteTestNG.main(RemoteTestNG.java:77)\r\n",
    "steps" : [ ],
    "attachments" : [ ],
    "parameters" : [ ],
    "stepsCount" : 0,
    "hasContent" : true,
    "attachmentsCount" : 0,
    "shouldDisplayMessage" : true
  } ],
  "labels" : [ {
    "name" : "package",
    "value" : "pageTestCases.LoginTest"
  }, {
    "name" : "testClass",
    "value" : "pageTestCases.LoginTest"
  }, {
    "name" : "testMethod",
    "value" : "invalidSignIn"
  }, {
    "name" : "parentSuite",
    "value" : "Default suite"
  }, {
    "name" : "suite",
    "value" : "Default test"
  }, {
    "name" : "subSuite",
    "value" : "pageTestCases.LoginTest"
  }, {
    "name" : "host",
    "value" : "PC"
  }, {
    "name" : "thread",
    "value" : "5684@PC.main(1)"
  }, {
    "name" : "framework",
    "value" : "testng"
  }, {
    "name" : "language",
    "value" : "java"
  }, {
    "name" : "story",
    "value" : "Story Name: To check user not able to SignIn with invalid credentials"
  }, {
    "name" : "severity",
    "value" : "critical"
  }, {
    "name" : "resultFormat",
    "value" : "allure2"
  } ],
  "parameters" : [ ],
  "links" : [ ],
  "hidden" : true,
  "retry" : true,
  "extra" : {
    "categories" : [ ],
    "tags" : [ ]
  },
  "source" : "5cdef716dd7037d1.json",
  "parameterValues" : [ ]
}