{
  "uid" : "7c3c6a83794c3570",
  "name" : "setUpClass",
  "fullName" : "cucumberOptions.TestRunner.setUpClass",
  "historyId" : "291af74fbe81f9c6d4f38360476bd3d1",
  "time" : {
    "start" : 1620385027697,
    "stop" : 1620385027703,
    "duration" : 6
  },
  "status" : "broken",
  "statusMessage" : "No backends were found. Please make sure you have a backend module on your CLASSPATH.",
  "statusTrace" : "cucumber.runtime.CucumberException: No backends were found. Please make sure you have a backend module on your CLASSPATH.\r\n\tat cucumber.runtime.Runtime.<init>(Runtime.java:81)\r\n\tat cucumber.runtime.Runtime.<init>(Runtime.java:70)\r\n\tat cucumber.runtime.Runtime.<init>(Runtime.java:66)\r\n\tat cucumber.api.testng.TestNGCucumberRunner.<init>(TestNGCucumberRunner.java:42)\r\n\tat cucumberOptions.TestRunner.setUpClass(TestRunner.java:23)\r\n\tat java.base/jdk.internal.reflect.NativeMethodAccessorImpl.invoke0(Native Method)\r\n\tat java.base/jdk.internal.reflect.NativeMethodAccessorImpl.invoke(NativeMethodAccessorImpl.java:64)\r\n\tat java.base/jdk.internal.reflect.DelegatingMethodAccessorImpl.invoke(DelegatingMethodAccessorImpl.java:43)\r\n\tat java.base/java.lang.reflect.Method.invoke(Method.java:564)\r\n\tat org.testng.internal.MethodInvocationHelper.invokeMethod(MethodInvocationHelper.java:132)\r\n\tat org.testng.internal.MethodInvocationHelper.invokeMethodConsideringTimeout(MethodInvocationHelper.java:61)\r\n\tat org.testng.internal.ConfigInvoker.invokeConfigurationMethod(ConfigInvoker.java:366)\r\n\tat org.testng.internal.ConfigInvoker.invokeConfigurations(ConfigInvoker.java:320)\r\n\tat org.testng.internal.TestMethodWorker.invokeBeforeClassMethods(TestMethodWorker.java:176)\r\n\tat org.testng.internal.TestMethodWorker.run(TestMethodWorker.java:122)\r\n\tat java.base/java.util.ArrayList.forEach(ArrayList.java:1511)\r\n\tat org.testng.TestRunner.privateRun(TestRunner.java:764)\r\n\tat org.testng.TestRunner.run(TestRunner.java:585)\r\n\tat org.testng.SuiteRunner.runTest(SuiteRunner.java:384)\r\n\tat org.testng.SuiteRunner.runSequentially(SuiteRunner.java:378)\r\n\tat org.testng.SuiteRunner.privateRun(SuiteRunner.java:337)\r\n\tat org.testng.SuiteRunner.run(SuiteRunner.java:286)\r\n\tat org.testng.SuiteRunnerWorker.runSuite(SuiteRunnerWorker.java:53)\r\n\tat org.testng.SuiteRunnerWorker.run(SuiteRunnerWorker.java:96)\r\n\tat org.testng.TestNG.runSuitesSequentially(TestNG.java:1218)\r\n\tat org.testng.TestNG.runSuitesLocally(TestNG.java:1140)\r\n\tat org.testng.TestNG.runSuites(TestNG.java:1069)\r\n\tat org.testng.TestNG.run(TestNG.java:1037)\r\n\tat org.testng.remote.AbstractRemoteTestNG.run(AbstractRemoteTestNG.java:115)\r\n\tat org.testng.remote.RemoteTestNG.initAndRun(RemoteTestNG.java:251)\r\n\tat org.testng.remote.RemoteTestNG.main(RemoteTestNG.java:77)\r\n",
  "flaky" : false,
  "newFailed" : false,
  "beforeStages" : [ {
    "name" : "setUpClass",
    "time" : {
      "start" : 1620385027307,
      "stop" : 1620385027571,
      "duration" : 264
    },
    "description" : "",
    "status" : "broken",
    "statusMessage" : "No backends were found. Please make sure you have a backend module on your CLASSPATH.",
    "statusTrace" : "cucumber.runtime.CucumberException: No backends were found. Please make sure you have a backend module on your CLASSPATH.\r\n\tat cucumber.runtime.Runtime.<init>(Runtime.java:81)\r\n\tat cucumber.runtime.Runtime.<init>(Runtime.java:70)\r\n\tat cucumber.runtime.Runtime.<init>(Runtime.java:66)\r\n\tat cucumber.api.testng.TestNGCucumberRunner.<init>(TestNGCucumberRunner.java:42)\r\n\tat cucumberOptions.TestRunner.setUpClass(TestRunner.java:23)\r\n\tat java.base/jdk.internal.reflect.NativeMethodAccessorImpl.invoke0(Native Method)\r\n\tat java.base/jdk.internal.reflect.NativeMethodAccessorImpl.invoke(NativeMethodAccessorImpl.java:64)\r\n\tat java.base/jdk.internal.reflect.DelegatingMethodAccessorImpl.invoke(DelegatingMethodAccessorImpl.java:43)\r\n\tat java.base/java.lang.reflect.Method.invoke(Method.java:564)\r\n\tat org.testng.internal.MethodInvocationHelper.invokeMethod(MethodInvocationHelper.java:132)\r\n\tat org.testng.internal.MethodInvocationHelper.invokeMethodConsideringTimeout(MethodInvocationHelper.java:61)\r\n\tat org.testng.internal.ConfigInvoker.invokeConfigurationMethod(ConfigInvoker.java:366)\r\n\tat org.testng.internal.ConfigInvoker.invokeConfigurations(ConfigInvoker.java:320)\r\n\tat org.testng.internal.TestMethodWorker.invokeBeforeClassMethods(TestMethodWorker.java:176)\r\n\tat org.testng.internal.TestMethodWorker.run(TestMethodWorker.java:122)\r\n\tat java.base/java.util.ArrayList.forEach(ArrayList.java:1511)\r\n\tat org.testng.TestRunner.privateRun(TestRunner.java:764)\r\n\tat org.testng.TestRunner.run(TestRunner.java:585)\r\n\tat org.testng.SuiteRunner.runTest(SuiteRunner.java:384)\r\n\tat org.testng.SuiteRunner.runSequentially(SuiteRunner.java:378)\r\n\tat org.testng.SuiteRunner.privateRun(SuiteRunner.java:337)\r\n\tat org.testng.SuiteRunner.run(SuiteRunner.java:286)\r\n\tat org.testng.SuiteRunnerWorker.runSuite(SuiteRunnerWorker.java:53)\r\n\tat org.testng.SuiteRunnerWorker.run(SuiteRunnerWorker.java:96)\r\n\tat org.testng.TestNG.runSuitesSequentially(TestNG.java:1218)\r\n\tat org.testng.TestNG.runSuitesLocally(TestNG.java:1140)\r\n\tat org.testng.TestNG.runSuites(TestNG.java:1069)\r\n\tat org.testng.TestNG.run(TestNG.java:1037)\r\n\tat org.testng.remote.AbstractRemoteTestNG.run(AbstractRemoteTestNG.java:115)\r\n\tat org.testng.remote.RemoteTestNG.initAndRun(RemoteTestNG.java:251)\r\n\tat org.testng.remote.RemoteTestNG.main(RemoteTestNG.java:77)\r\n",
    "steps" : [ ],
    "attachments" : [ ],
    "parameters" : [ ],
    "stepsCount" : 0,
    "hasContent" : true,
    "attachmentsCount" : 0,
    "shouldDisplayMessage" : true
  } ],
  "afterStages" : [ {
    "name" : "tearDownClass",
    "time" : {
      "start" : 1620385027951,
      "stop" : 1620385027952,
      "duration" : 1
    },
    "description" : "",
    "status" : "broken",
    "statusMessage" : "Cannot invoke \"cucumber.api.testng.TestNGCucumberRunner.finish()\" because \"this.testNGCucumberRunner\" is null",
    "statusTrace" : "java.lang.NullPointerException: Cannot invoke \"cucumber.api.testng.TestNGCucumberRunner.finish()\" because \"this.testNGCucumberRunner\" is null\r\n\tat cucumberOptions.TestRunner.tearDownClass(TestRunner.java:55)\r\n\tat java.base/jdk.internal.reflect.NativeMethodAccessorImpl.invoke0(Native Method)\r\n\tat java.base/jdk.internal.reflect.NativeMethodAccessorImpl.invoke(NativeMethodAccessorImpl.java:64)\r\n\tat java.base/jdk.internal.reflect.DelegatingMethodAccessorImpl.invoke(DelegatingMethodAccessorImpl.java:43)\r\n\tat java.base/java.lang.reflect.Method.invoke(Method.java:564)\r\n\tat org.testng.internal.MethodInvocationHelper.invokeMethod(MethodInvocationHelper.java:132)\r\n\tat org.testng.internal.MethodInvocationHelper.invokeMethodConsideringTimeout(MethodInvocationHelper.java:61)\r\n\tat org.testng.internal.ConfigInvoker.invokeConfigurationMethod(ConfigInvoker.java:366)\r\n\tat org.testng.internal.ConfigInvoker.invokeConfigurations(ConfigInvoker.java:320)\r\n\tat org.testng.internal.TestMethodWorker.invokeAfterClassMethods(TestMethodWorker.java:217)\r\n\tat org.testng.internal.TestMethodWorker.run(TestMethodWorker.java:130)\r\n\tat java.base/java.util.ArrayList.forEach(ArrayList.java:1511)\r\n\tat org.testng.TestRunner.privateRun(TestRunner.java:764)\r\n\tat org.testng.TestRunner.run(TestRunner.java:585)\r\n\tat org.testng.SuiteRunner.runTest(SuiteRunner.java:384)\r\n\tat org.testng.SuiteRunner.runSequentially(SuiteRunner.java:378)\r\n\tat org.testng.SuiteRunner.privateRun(SuiteRunner.java:337)\r\n\tat org.testng.SuiteRunner.run(SuiteRunner.java:286)\r\n\tat org.testng.SuiteRunnerWorker.runSuite(SuiteRunnerWorker.java:53)\r\n\tat org.testng.SuiteRunnerWorker.run(SuiteRunnerWorker.java:96)\r\n\tat org.testng.TestNG.runSuitesSequentially(TestNG.java:1218)\r\n\tat org.testng.TestNG.runSuitesLocally(TestNG.java:1140)\r\n\tat org.testng.TestNG.runSuites(TestNG.java:1069)\r\n\tat org.testng.TestNG.run(TestNG.java:1037)\r\n\tat org.testng.remote.AbstractRemoteTestNG.run(AbstractRemoteTestNG.java:115)\r\n\tat org.testng.remote.RemoteTestNG.initAndRun(RemoteTestNG.java:251)\r\n\tat org.testng.remote.RemoteTestNG.main(RemoteTestNG.java:77)\r\n",
    "steps" : [ ],
    "attachments" : [ ],
    "parameters" : [ ],
    "stepsCount" : 0,
    "hasContent" : true,
    "attachmentsCount" : 0,
    "shouldDisplayMessage" : true
  } ],
  "labels" : [ {
    "name" : "package",
    "value" : "cucumberOptions.TestRunner"
  }, {
    "name" : "testClass",
    "value" : "cucumberOptions.TestRunner"
  }, {
    "name" : "testMethod",
    "value" : "setUpClass"
  }, {
    "name" : "parentSuite",
    "value" : "Default suite"
  }, {
    "name" : "suite",
    "value" : "Default test"
  }, {
    "name" : "subSuite",
    "value" : "cucumberOptions.TestRunner"
  }, {
    "name" : "host",
    "value" : "PC"
  }, {
    "name" : "thread",
    "value" : "6392@PC.main(1)"
  }, {
    "name" : "framework",
    "value" : "testng"
  }, {
    "name" : "language",
    "value" : "java"
  }, {
    "name" : "AS_ID",
    "value" : "-1"
  }, {
    "name" : "resultFormat",
    "value" : "allure2"
  } ],
  "parameters" : [ ],
  "links" : [ ],
  "hidden" : false,
  "retry" : false,
  "extra" : {
    "severity" : "normal",
    "retries" : [ {
      "uid" : "dd55a4715b09e0f5",
      "status" : "broken",
      "statusDetails" : "No backends were found. Please make sure you have a backend module on your CLASSPATH.",
      "time" : {
        "start" : 1620384520866,
        "stop" : 1620384520872,
        "duration" : 6
      }
    }, {
      "uid" : "85b35f94a51ac6b3",
      "status" : "broken",
      "statusDetails" : "No backends were found. Please make sure you have a backend module on your CLASSPATH.",
      "time" : {
        "start" : 1620384105945,
        "stop" : 1620384105951,
        "duration" : 6
      }
    }, {
      "uid" : "e6e5abb43da497b2",
      "status" : "broken",
      "statusDetails" : "No backends were found. Please make sure you have a backend module on your CLASSPATH.",
      "time" : {
        "start" : 1620383476698,
        "stop" : 1620383476703,
        "duration" : 5
      }
    }, {
      "uid" : "b1f6c99cbeabf072",
      "status" : "broken",
      "statusDetails" : "No backends were found. Please make sure you have a backend module on your CLASSPATH.",
      "time" : {
        "start" : 1620383361102,
        "stop" : 1620383361107,
        "duration" : 5
      }
    }, {
      "uid" : "f8b546bb374eec25",
      "status" : "broken",
      "statusDetails" : "No backends were found. Please make sure you have a backend module on your CLASSPATH.",
      "time" : {
        "start" : 1620383294391,
        "stop" : 1620383294397,
        "duration" : 6
      }
    }, {
      "uid" : "51f8b9416414ff4f",
      "status" : "broken",
      "statusDetails" : "No backends were found. Please make sure you have a backend module on your CLASSPATH.",
      "time" : {
        "start" : 1620382279980,
        "stop" : 1620382279985,
        "duration" : 5
      }
    } ],
    "categories" : [ {
      "name" : "Test defects",
      "matchedStatuses" : [ ],
      "flaky" : false
    } ],
    "history" : {
      "statistic" : {
        "failed" : 0,
        "broken" : 8,
        "skipped" : 0,
        "passed" : 0,
        "unknown" : 0,
        "total" : 8
      },
      "items" : [ {
        "uid" : "3f1a836cbd6a5b87",
        "reportUrl" : "http://localhost:8080/job/AmazonAutomation_KrishanMohan/24/allure/#testresult/3f1a836cbd6a5b87",
        "status" : "broken",
        "statusDetails" : "No backends were found. Please make sure you have a backend module on your CLASSPATH.",
        "time" : {
          "start" : 1620385027697,
          "stop" : 1620385027703,
          "duration" : 6
        }
      }, {
        "uid" : "7bc83dde9d3fc4ca",
        "reportUrl" : "http://localhost:8080/job/AmazonAutomation_KrishanMohan/17/allure/#testresult/7bc83dde9d3fc4ca",
        "status" : "broken",
        "statusDetails" : "No backends were found. Please make sure you have a backend module on your CLASSPATH.",
        "time" : {
          "start" : 1620385027697,
          "stop" : 1620385027703,
          "duration" : 6
        }
      }, {
        "uid" : "7bbf6a7f87908ae0",
        "reportUrl" : "http://localhost:8080/job/AmazonAutomation_KrishanMohan/16/allure/#testresult/7bbf6a7f87908ae0",
        "status" : "broken",
        "statusDetails" : "No backends were found. Please make sure you have a backend module on your CLASSPATH.",
        "time" : {
          "start" : 1620385027697,
          "stop" : 1620385027703,
          "duration" : 6
        }
      }, {
        "uid" : "90e6350d296a91ad",
        "reportUrl" : "http://localhost:8080/job/AmazonAutomation_KrishanMohan/15/allure/#testresult/90e6350d296a91ad",
        "status" : "broken",
        "statusDetails" : "No backends were found. Please make sure you have a backend module on your CLASSPATH.",
        "time" : {
          "start" : 1620385027697,
          "stop" : 1620385027703,
          "duration" : 6
        }
      }, {
        "uid" : "452ca399e19d5098",
        "reportUrl" : "http://localhost:8080/job/AmazonAutomation_KrishanMohan/14/allure/#testresult/452ca399e19d5098",
        "status" : "broken",
        "statusDetails" : "No backends were found. Please make sure you have a backend module on your CLASSPATH.",
        "time" : {
          "start" : 1620385027697,
          "stop" : 1620385027703,
          "duration" : 6
        }
      }, {
        "uid" : "516c57202b29eacd",
        "reportUrl" : "http://localhost:8080/job/AmazonAutomation_KrishanMohan/13/allure/#testresult/516c57202b29eacd",
        "status" : "broken",
        "statusDetails" : "No backends were found. Please make sure you have a backend module on your CLASSPATH.",
        "time" : {
          "start" : 1620385027697,
          "stop" : 1620385027703,
          "duration" : 6
        }
      }, {
        "uid" : "df84507c3ef4e235",
        "reportUrl" : "http://localhost:8080/job/AmazonAutomation_KrishanMohan/9/allure/#testresult/df84507c3ef4e235",
        "status" : "broken",
        "statusDetails" : "No backends were found. Please make sure you have a backend module on your CLASSPATH.",
        "time" : {
          "start" : 1620385027697,
          "stop" : 1620385027703,
          "duration" : 6
        }
      } ]
    },
    "tags" : [ ]
  },
  "source" : "7c3c6a83794c3570.json",
  "parameterValues" : [ ]
}