{
  "uid" : "d4ab3b7ac2a22865",
  "name" : "Runs Cucumber Feature",
  "fullName" : "cucumberOptions.TestRunner.feature",
  "historyId" : "d97b2746a418fdb2fbfb8f741795f05",
  "time" : {
    "start" : 1620385027942,
    "stop" : 1620385027944,
    "duration" : 2
  },
  "status" : "skipped",
  "statusMessage" : "java.lang.NullPointerException: Cannot invoke \"cucumber.api.testng.TestNGCucumberRunner.provideFeatures()\" because \"this.testNGCucumberRunner\" is null",
  "statusTrace" : "java.lang.RuntimeException: java.lang.NullPointerException: Cannot invoke \"cucumber.api.testng.TestNGCucumberRunner.provideFeatures()\" because \"this.testNGCucumberRunner\" is null\r\n\tat org.testng.internal.MethodInvocationHelper.invokeMethodNoCheckedException(MethodInvocationHelper.java:49)\r\n\tat org.testng.internal.MethodInvocationHelper.invokeDataProvider(MethodInvocationHelper.java:145)\r\n\tat org.testng.internal.Parameters.handleParameters(Parameters.java:797)\r\n\tat org.testng.internal.Parameters.handleParameters(Parameters.java:740)\r\n\tat org.testng.internal.ParameterHandler.handleParameters(ParameterHandler.java:59)\r\n\tat org.testng.internal.ParameterHandler.createParameters(ParameterHandler.java:38)\r\n\tat org.testng.internal.TestInvoker$MethodInvocationAgent.invoke(TestInvoker.java:789)\r\n\tat org.testng.internal.TestInvoker.invokeTestMethods(TestInvoker.java:147)\r\n\tat org.testng.internal.TestMethodWorker.invokeTestMethods(TestMethodWorker.java:146)\r\n\tat org.testng.internal.TestMethodWorker.run(TestMethodWorker.java:128)\r\n\tat java.base/java.util.ArrayList.forEach(ArrayList.java:1511)\r\n\tat org.testng.TestRunner.privateRun(TestRunner.java:764)\r\n\tat org.testng.TestRunner.run(TestRunner.java:585)\r\n\tat org.testng.SuiteRunner.runTest(SuiteRunner.java:384)\r\n\tat org.testng.SuiteRunner.runSequentially(SuiteRunner.java:378)\r\n\tat org.testng.SuiteRunner.privateRun(SuiteRunner.java:337)\r\n\tat org.testng.SuiteRunner.run(SuiteRunner.java:286)\r\n\tat org.testng.SuiteRunnerWorker.runSuite(SuiteRunnerWorker.java:53)\r\n\tat org.testng.SuiteRunnerWorker.run(SuiteRunnerWorker.java:96)\r\n\tat org.testng.TestNG.runSuitesSequentially(TestNG.java:1218)\r\n\tat org.testng.TestNG.runSuitesLocally(TestNG.java:1140)\r\n\tat org.testng.TestNG.runSuites(TestNG.java:1069)\r\n\tat org.testng.TestNG.run(TestNG.java:1037)\r\n\tat org.testng.remote.AbstractRemoteTestNG.run(AbstractRemoteTestNG.java:115)\r\n\tat org.testng.remote.RemoteTestNG.initAndRun(RemoteTestNG.java:251)\r\n\tat org.testng.remote.RemoteTestNG.main(RemoteTestNG.java:77)\r\nCaused by: java.lang.NullPointerException: Cannot invoke \"cucumber.api.testng.TestNGCucumberRunner.provideFeatures()\" because \"this.testNGCucumberRunner\" is null\r\n\tat cucumberOptions.TestRunner.features(TestRunner.java:41)\r\n\tat java.base/jdk.internal.reflect.NativeMethodAccessorImpl.invoke0(Native Method)\r\n\tat java.base/jdk.internal.reflect.NativeMethodAccessorImpl.invoke(NativeMethodAccessorImpl.java:64)\r\n\tat java.base/jdk.internal.reflect.DelegatingMethodAccessorImpl.invoke(DelegatingMethodAccessorImpl.java:43)\r\n\tat java.base/java.lang.reflect.Method.invoke(Method.java:564)\r\n\tat org.testng.internal.MethodInvocationHelper.invokeMethod(MethodInvocationHelper.java:132)\r\n\tat org.testng.internal.MethodInvocationHelper.invokeMethod(MethodInvocationHelper.java:76)\r\n\tat org.testng.internal.MethodInvocationHelper.invokeMethodNoCheckedException(MethodInvocationHelper.java:45)\r\n\t... 25 more\r\n",
  "flaky" : false,
  "newFailed" : false,
  "beforeStages" : [ {
    "name" : "setUpClass",
    "time" : {
      "start" : 1620385027307,
      "stop" : 1620385027571,
      "duration" : 264
    },
    "description" : "",
    "status" : "broken",
    "statusMessage" : "No backends were found. Please make sure you have a backend module on your CLASSPATH.",
    "statusTrace" : "cucumber.runtime.CucumberException: No backends were found. Please make sure you have a backend module on your CLASSPATH.\r\n\tat cucumber.runtime.Runtime.<init>(Runtime.java:81)\r\n\tat cucumber.runtime.Runtime.<init>(Runtime.java:70)\r\n\tat cucumber.runtime.Runtime.<init>(Runtime.java:66)\r\n\tat cucumber.api.testng.TestNGCucumberRunner.<init>(TestNGCucumberRunner.java:42)\r\n\tat cucumberOptions.TestRunner.setUpClass(TestRunner.java:23)\r\n\tat java.base/jdk.internal.reflect.NativeMethodAccessorImpl.invoke0(Native Method)\r\n\tat java.base/jdk.internal.reflect.NativeMethodAccessorImpl.invoke(NativeMethodAccessorImpl.java:64)\r\n\tat java.base/jdk.internal.reflect.DelegatingMethodAccessorImpl.invoke(DelegatingMethodAccessorImpl.java:43)\r\n\tat java.base/java.lang.reflect.Method.invoke(Method.java:564)\r\n\tat org.testng.internal.MethodInvocationHelper.invokeMethod(MethodInvocationHelper.java:132)\r\n\tat org.testng.internal.MethodInvocationHelper.invokeMethodConsideringTimeout(MethodInvocationHelper.java:61)\r\n\tat org.testng.internal.ConfigInvoker.invokeConfigurationMethod(ConfigInvoker.java:366)\r\n\tat org.testng.internal.ConfigInvoker.invokeConfigurations(ConfigInvoker.java:320)\r\n\tat org.testng.internal.TestMethodWorker.invokeBeforeClassMethods(TestMethodWorker.java:176)\r\n\tat org.testng.internal.TestMethodWorker.run(TestMethodWorker.java:122)\r\n\tat java.base/java.util.ArrayList.forEach(ArrayList.java:1511)\r\n\tat org.testng.TestRunner.privateRun(TestRunner.java:764)\r\n\tat org.testng.TestRunner.run(TestRunner.java:585)\r\n\tat org.testng.SuiteRunner.runTest(SuiteRunner.java:384)\r\n\tat org.testng.SuiteRunner.runSequentially(SuiteRunner.java:378)\r\n\tat org.testng.SuiteRunner.privateRun(SuiteRunner.java:337)\r\n\tat org.testng.SuiteRunner.run(SuiteRunner.java:286)\r\n\tat org.testng.SuiteRunnerWorker.runSuite(SuiteRunnerWorker.java:53)\r\n\tat org.testng.SuiteRunnerWorker.run(SuiteRunnerWorker.java:96)\r\n\tat org.testng.TestNG.runSuitesSequentially(TestNG.java:1218)\r\n\tat org.testng.TestNG.runSuitesLocally(TestNG.java:1140)\r\n\tat org.testng.TestNG.runSuites(TestNG.java:1069)\r\n\tat org.testng.TestNG.run(TestNG.java:1037)\r\n\tat org.testng.remote.AbstractRemoteTestNG.run(AbstractRemoteTestNG.java:115)\r\n\tat org.testng.remote.RemoteTestNG.initAndRun(RemoteTestNG.java:251)\r\n\tat org.testng.remote.RemoteTestNG.main(RemoteTestNG.java:77)\r\n",
    "steps" : [ ],
    "attachments" : [ ],
    "parameters" : [ ],
    "stepsCount" : 0,
    "hasContent" : true,
    "attachmentsCount" : 0,
    "shouldDisplayMessage" : true
  } ],
  "afterStages" : [ {
    "name" : "tearDownClass",
    "time" : {
      "start" : 1620385027951,
      "stop" : 1620385027952,
      "duration" : 1
    },
    "description" : "",
    "status" : "broken",
    "statusMessage" : "Cannot invoke \"cucumber.api.testng.TestNGCucumberRunner.finish()\" because \"this.testNGCucumberRunner\" is null",
    "statusTrace" : "java.lang.NullPointerException: Cannot invoke \"cucumber.api.testng.TestNGCucumberRunner.finish()\" because \"this.testNGCucumberRunner\" is null\r\n\tat cucumberOptions.TestRunner.tearDownClass(TestRunner.java:55)\r\n\tat java.base/jdk.internal.reflect.NativeMethodAccessorImpl.invoke0(Native Method)\r\n\tat java.base/jdk.internal.reflect.NativeMethodAccessorImpl.invoke(NativeMethodAccessorImpl.java:64)\r\n\tat java.base/jdk.internal.reflect.DelegatingMethodAccessorImpl.invoke(DelegatingMethodAccessorImpl.java:43)\r\n\tat java.base/java.lang.reflect.Method.invoke(Method.java:564)\r\n\tat org.testng.internal.MethodInvocationHelper.invokeMethod(MethodInvocationHelper.java:132)\r\n\tat org.testng.internal.MethodInvocationHelper.invokeMethodConsideringTimeout(MethodInvocationHelper.java:61)\r\n\tat org.testng.internal.ConfigInvoker.invokeConfigurationMethod(ConfigInvoker.java:366)\r\n\tat org.testng.internal.ConfigInvoker.invokeConfigurations(ConfigInvoker.java:320)\r\n\tat org.testng.internal.TestMethodWorker.invokeAfterClassMethods(TestMethodWorker.java:217)\r\n\tat org.testng.internal.TestMethodWorker.run(TestMethodWorker.java:130)\r\n\tat java.base/java.util.ArrayList.forEach(ArrayList.java:1511)\r\n\tat org.testng.TestRunner.privateRun(TestRunner.java:764)\r\n\tat org.testng.TestRunner.run(TestRunner.java:585)\r\n\tat org.testng.SuiteRunner.runTest(SuiteRunner.java:384)\r\n\tat org.testng.SuiteRunner.runSequentially(SuiteRunner.java:378)\r\n\tat org.testng.SuiteRunner.privateRun(SuiteRunner.java:337)\r\n\tat org.testng.SuiteRunner.run(SuiteRunner.java:286)\r\n\tat org.testng.SuiteRunnerWorker.runSuite(SuiteRunnerWorker.java:53)\r\n\tat org.testng.SuiteRunnerWorker.run(SuiteRunnerWorker.java:96)\r\n\tat org.testng.TestNG.runSuitesSequentially(TestNG.java:1218)\r\n\tat org.testng.TestNG.runSuitesLocally(TestNG.java:1140)\r\n\tat org.testng.TestNG.runSuites(TestNG.java:1069)\r\n\tat org.testng.TestNG.run(TestNG.java:1037)\r\n\tat org.testng.remote.AbstractRemoteTestNG.run(AbstractRemoteTestNG.java:115)\r\n\tat org.testng.remote.RemoteTestNG.initAndRun(RemoteTestNG.java:251)\r\n\tat org.testng.remote.RemoteTestNG.main(RemoteTestNG.java:77)\r\n",
    "steps" : [ ],
    "attachments" : [ ],
    "parameters" : [ ],
    "stepsCount" : 0,
    "hasContent" : true,
    "attachmentsCount" : 0,
    "shouldDisplayMessage" : true
  } ],
  "labels" : [ {
    "name" : "package",
    "value" : "cucumberOptions.TestRunner"
  }, {
    "name" : "testClass",
    "value" : "cucumberOptions.TestRunner"
  }, {
    "name" : "testMethod",
    "value" : "feature"
  }, {
    "name" : "parentSuite",
    "value" : "Default suite"
  }, {
    "name" : "suite",
    "value" : "Default test"
  }, {
    "name" : "subSuite",
    "value" : "cucumberOptions.TestRunner"
  }, {
    "name" : "host",
    "value" : "PC"
  }, {
    "name" : "thread",
    "value" : "6392@PC.main(1)"
  }, {
    "name" : "framework",
    "value" : "testng"
  }, {
    "name" : "language",
    "value" : "java"
  }, {
    "name" : "resultFormat",
    "value" : "allure2"
  } ],
  "parameters" : [ ],
  "links" : [ ],
  "hidden" : false,
  "retry" : false,
  "extra" : {
    "severity" : "normal",
    "retries" : [ {
      "uid" : "349dcfbe57c837ba",
      "status" : "skipped",
      "statusDetails" : "java.lang.NullPointerException: Cannot invoke \"cucumber.api.testng.TestNGCucumberRunner.provideFeatures()\" because \"this.testNGCucumberRunner\" is null",
      "time" : {
        "start" : 1620384521143,
        "stop" : 1620384521145,
        "duration" : 2
      }
    }, {
      "uid" : "c83a98f2b8624038",
      "status" : "skipped",
      "statusDetails" : "java.lang.NullPointerException: Cannot invoke \"cucumber.api.testng.TestNGCucumberRunner.provideFeatures()\" because \"this.testNGCucumberRunner\" is null",
      "time" : {
        "start" : 1620384106206,
        "stop" : 1620384106208,
        "duration" : 2
      }
    }, {
      "uid" : "79d5d79e197dcd0e",
      "status" : "skipped",
      "statusDetails" : "java.lang.NullPointerException: Cannot invoke \"cucumber.api.testng.TestNGCucumberRunner.provideFeatures()\" because \"this.testNGCucumberRunner\" is null",
      "time" : {
        "start" : 1620383477024,
        "stop" : 1620383477027,
        "duration" : 3
      }
    }, {
      "uid" : "12eb2a673b72e133",
      "status" : "skipped",
      "statusDetails" : "java.lang.NullPointerException: Cannot invoke \"cucumber.api.testng.TestNGCucumberRunner.provideFeatures()\" because \"this.testNGCucumberRunner\" is null",
      "time" : {
        "start" : 1620383361345,
        "stop" : 1620383361349,
        "duration" : 4
      }
    }, {
      "uid" : "d30261c970dd558a",
      "status" : "skipped",
      "statusDetails" : "java.lang.NullPointerException: Cannot invoke \"cucumber.api.testng.TestNGCucumberRunner.provideFeatures()\" because \"this.testNGCucumberRunner\" is null",
      "time" : {
        "start" : 1620383294656,
        "stop" : 1620383294659,
        "duration" : 3
      }
    }, {
      "uid" : "83691b40218128c4",
      "status" : "skipped",
      "statusDetails" : "java.lang.NullPointerException: Cannot invoke \"cucumber.api.testng.TestNGCucumberRunner.provideFeatures()\" because \"this.testNGCucumberRunner\" is null",
      "time" : {
        "start" : 1620382280239,
        "stop" : 1620382280240,
        "duration" : 1
      }
    } ],
    "categories" : [ ],
    "history" : {
      "statistic" : {
        "failed" : 0,
        "broken" : 0,
        "skipped" : 8,
        "passed" : 0,
        "unknown" : 0,
        "total" : 8
      },
      "items" : [ {
        "uid" : "51791cfec9988ee3",
        "reportUrl" : "http://localhost:8080/job/AmazonAutomation_KrishanMohan/24/allure/#testresult/51791cfec9988ee3",
        "status" : "skipped",
        "statusDetails" : "java.lang.NullPointerException: Cannot invoke \"cucumber.api.testng.TestNGCucumberRunner.provideFeatures()\" because \"this.testNGCucumberRunner\" is null",
        "time" : {
          "start" : 1620385027942,
          "stop" : 1620385027944,
          "duration" : 2
        }
      }, {
        "uid" : "48b72a05fe064128",
        "reportUrl" : "http://localhost:8080/job/AmazonAutomation_KrishanMohan/17/allure/#testresult/48b72a05fe064128",
        "status" : "skipped",
        "statusDetails" : "java.lang.NullPointerException: Cannot invoke \"cucumber.api.testng.TestNGCucumberRunner.provideFeatures()\" because \"this.testNGCucumberRunner\" is null",
        "time" : {
          "start" : 1620385027942,
          "stop" : 1620385027944,
          "duration" : 2
        }
      }, {
        "uid" : "39be751cc8944df0",
        "reportUrl" : "http://localhost:8080/job/AmazonAutomation_KrishanMohan/16/allure/#testresult/39be751cc8944df0",
        "status" : "skipped",
        "statusDetails" : "java.lang.NullPointerException: Cannot invoke \"cucumber.api.testng.TestNGCucumberRunner.provideFeatures()\" because \"this.testNGCucumberRunner\" is null",
        "time" : {
          "start" : 1620385027942,
          "stop" : 1620385027944,
          "duration" : 2
        }
      }, {
        "uid" : "1de657f0c74ae9c1",
        "reportUrl" : "http://localhost:8080/job/AmazonAutomation_KrishanMohan/15/allure/#testresult/1de657f0c74ae9c1",
        "status" : "skipped",
        "statusDetails" : "java.lang.NullPointerException: Cannot invoke \"cucumber.api.testng.TestNGCucumberRunner.provideFeatures()\" because \"this.testNGCucumberRunner\" is null",
        "time" : {
          "start" : 1620385027942,
          "stop" : 1620385027944,
          "duration" : 2
        }
      }, {
        "uid" : "ab36082a93c52ba5",
        "reportUrl" : "http://localhost:8080/job/AmazonAutomation_KrishanMohan/14/allure/#testresult/ab36082a93c52ba5",
        "status" : "skipped",
        "statusDetails" : "java.lang.NullPointerException: Cannot invoke \"cucumber.api.testng.TestNGCucumberRunner.provideFeatures()\" because \"this.testNGCucumberRunner\" is null",
        "time" : {
          "start" : 1620385027942,
          "stop" : 1620385027944,
          "duration" : 2
        }
      }, {
        "uid" : "e66c94c9f3d99e38",
        "reportUrl" : "http://localhost:8080/job/AmazonAutomation_KrishanMohan/13/allure/#testresult/e66c94c9f3d99e38",
        "status" : "skipped",
        "statusDetails" : "java.lang.NullPointerException: Cannot invoke \"cucumber.api.testng.TestNGCucumberRunner.provideFeatures()\" because \"this.testNGCucumberRunner\" is null",
        "time" : {
          "start" : 1620385027942,
          "stop" : 1620385027944,
          "duration" : 2
        }
      }, {
        "uid" : "10ceeb51c44f8ac0",
        "reportUrl" : "http://localhost:8080/job/AmazonAutomation_KrishanMohan/9/allure/#testresult/10ceeb51c44f8ac0",
        "status" : "skipped",
        "statusDetails" : "java.lang.NullPointerException: Cannot invoke \"cucumber.api.testng.TestNGCucumberRunner.provideFeatures()\" because \"this.testNGCucumberRunner\" is null",
        "time" : {
          "start" : 1620385027942,
          "stop" : 1620385027944,
          "duration" : 2
        }
      } ]
    },
    "tags" : [ ]
  },
  "source" : "d4ab3b7ac2a22865.json",
  "parameterValues" : [ ]
}